<?xml version="1.0" encoding="UTF-8"?>
<coverage generated="1737338838041" clover="3.2.0">
  <project timestamp="1737338838041" name="All files">
    <metrics statements="191" coveredstatements="144" conditionals="124" coveredconditionals="72" methods="34" coveredmethods="29" elements="349" coveredelements="245" complexity="0" loc="191" ncloc="191" packages="5" files="5" classes="5"/>
    <package name="__tests__">
      <metrics statements="16" coveredstatements="16" conditionals="0" coveredconditionals="0" methods="3" coveredmethods="3"/>
      <file name="setup.js" path="/home/sifann/workspace/server/__tests__/setup.js">
        <metrics statements="16" coveredstatements="16" conditionals="0" coveredconditionals="0" methods="3" coveredmethods="3"/>
        <line num="1" count="1" type="stmt"/>
        <line num="2" count="1" type="stmt"/>
        <line num="3" count="1" type="stmt"/>
        <line num="4" count="1" type="stmt"/>
        <line num="5" count="1" type="stmt"/>
        <line num="7" count="1" type="stmt"/>
        <line num="8" count="1" type="stmt"/>
        <line num="9" count="1" type="stmt"/>
        <line num="10" count="1" type="stmt"/>
        <line num="11" count="1" type="stmt"/>
        <line num="12" count="1" type="stmt"/>
        <line num="15" count="1" type="stmt"/>
        <line num="16" count="1" type="stmt"/>
        <line num="19" count="1" type="stmt"/>
        <line num="20" count="1" type="stmt"/>
        <line num="23" count="1" type="stmt"/>
      </file>
    </package>
    <package name="config">
      <metrics statements="11" coveredstatements="9" conditionals="2" coveredconditionals="2" methods="3" coveredmethods="2"/>
      <file name="redis.js" path="/home/sifann/workspace/server/config/redis.js">
        <metrics statements="11" coveredstatements="9" conditionals="2" coveredconditionals="2" methods="3" coveredmethods="2"/>
        <line num="1" count="1" type="stmt"/>
        <line num="3" count="1" type="stmt"/>
        <line num="7" count="1" type="stmt"/>
        <line num="8" count="0" type="stmt"/>
        <line num="11" count="1" type="stmt"/>
        <line num="12" count="1" type="stmt"/>
        <line num="15" count="1" type="stmt"/>
        <line num="16" count="1" type="stmt"/>
        <line num="17" count="1" type="stmt"/>
        <line num="19" count="0" type="stmt"/>
        <line num="23" count="1" type="stmt"/>
      </file>
    </package>
    <package name="middleware">
      <metrics statements="25" coveredstatements="20" conditionals="13" coveredconditionals="11" methods="3" coveredmethods="3"/>
      <file name="cache.js" path="/home/sifann/workspace/server/middleware/cache.js">
        <metrics statements="25" coveredstatements="20" conditionals="13" coveredconditionals="11" methods="3" coveredmethods="3"/>
        <line num="1" count="1" type="stmt"/>
        <line num="4" count="1" type="stmt"/>
        <line num="7" count="1" type="stmt"/>
        <line num="8" count="9" type="stmt"/>
        <line num="12" count="1" type="stmt"/>
        <line num="13" count="11" type="stmt"/>
        <line num="14" count="11" type="stmt"/>
        <line num="17" count="11" type="cond" truecount="7" falsecount="0"/>
        <line num="18" count="2" type="stmt"/>
        <line num="21" count="9" type="stmt"/>
        <line num="22" count="9" type="stmt"/>
        <line num="24" count="9" type="cond" truecount="1" falsecount="1"/>
        <line num="25" count="0" type="stmt"/>
        <line num="26" count="0" type="stmt"/>
        <line num="30" count="9" type="stmt"/>
        <line num="31" count="9" type="stmt"/>
        <line num="33" count="0" type="stmt"/>
        <line num="35" count="0" type="stmt"/>
        <line num="40" count="1" type="stmt"/>
        <line num="41" count="7" type="stmt"/>
        <line num="42" count="7" type="cond" truecount="3" falsecount="1"/>
        <line num="43" count="7" type="stmt"/>
        <line num="44" count="7" type="stmt"/>
        <line num="47" count="0" type="stmt"/>
        <line num="51" count="1" type="stmt"/>
      </file>
    </package>
    <package name="routes">
      <metrics statements="47" coveredstatements="44" conditionals="13" coveredconditionals="13" methods="7" coveredmethods="7"/>
      <file name="conversions.js" path="/home/sifann/workspace/server/routes/conversions.js">
        <metrics statements="47" coveredstatements="44" conditionals="13" coveredconditionals="13" methods="7" coveredmethods="7"/>
        <line num="1" count="1" type="stmt"/>
        <line num="2" count="1" type="stmt"/>
        <line num="3" count="1" type="stmt"/>
        <line num="4" count="1" type="stmt"/>
        <line num="7" count="1" type="stmt"/>
        <line num="8" count="1" type="stmt"/>
        <line num="12" count="1" type="stmt"/>
        <line num="13" count="11" type="stmt"/>
        <line num="14" count="11" type="stmt"/>
        <line num="16" count="11" type="cond" truecount="6" falsecount="0"/>
        <line num="17" count="1" type="stmt"/>
        <line num="24" count="10" type="stmt"/>
        <line num="25" count="10" type="cond" truecount="2" falsecount="0"/>
        <line num="26" count="1" type="stmt"/>
        <line num="33" count="9" type="stmt"/>
        <line num="34" count="9" type="stmt"/>
        <line num="36" count="1" type="stmt"/>
        <line num="42" count="8" type="stmt"/>
        <line num="43" count="8" type="stmt"/>
        <line num="44" count="7" type="stmt"/>
        <line num="51" count="7" type="stmt"/>
        <line num="53" count="7" type="stmt"/>
        <line num="55" count="1" type="stmt"/>
        <line num="61" count="0" type="stmt"/>
        <line num="69" count="1" type="stmt"/>
        <line num="70" count="1" type="stmt"/>
        <line num="71" count="1" type="stmt"/>
        <line num="72" count="1" type="stmt"/>
        <line num="75" count="12" type="stmt"/>
        <line num="76" count="12" type="stmt"/>
        <line num="80" count="0" type="stmt"/>
        <line num="88" count="1" type="stmt"/>
        <line num="89" count="2" type="stmt"/>
        <line num="90" count="2" type="stmt"/>
        <line num="91" count="1" type="stmt"/>
        <line num="95" count="9" type="stmt"/>
        <line num="96" count="9" type="stmt"/>
        <line num="100" count="1" type="stmt"/>
        <line num="108" count="1" type="stmt"/>
        <line num="109" count="2" type="stmt"/>
        <line num="110" count="2" type="stmt"/>
        <line num="111" count="2" type="cond" truecount="5" falsecount="0"/>
        <line num="112" count="1" type="stmt"/>
        <line num="118" count="1" type="stmt"/>
        <line num="119" count="1" type="stmt"/>
        <line num="125" count="0" type="stmt"/>
        <line num="132" count="1" type="stmt"/>
      </file>
    </package>
    <package name="services">
      <metrics statements="92" coveredstatements="55" conditionals="96" coveredconditionals="46" methods="18" coveredmethods="14"/>
      <file name="UnitConverter.js" path="/home/sifann/workspace/server/services/UnitConverter.js">
        <metrics statements="92" coveredstatements="55" conditionals="96" coveredconditionals="46" methods="18" coveredmethods="14"/>
        <line num="1" count="2" type="stmt"/>
        <line num="5" count="2" type="stmt"/>
        <line num="13" count="24" type="stmt"/>
        <line num="26" count="13" type="stmt"/>
        <line num="27" count="13" type="cond" truecount="2" falsecount="0"/>
        <line num="28" count="3" type="stmt"/>
        <line num="31" count="10" type="stmt"/>
        <line num="33" count="89" type="stmt"/>
        <line num="50" count="14" type="cond" truecount="1" falsecount="1"/>
        <line num="51" count="0" type="stmt"/>
        <line num="54" count="14" type="stmt"/>
        <line num="55" count="14" type="stmt"/>
        <line num="57" count="14" type="cond" truecount="4" falsecount="0"/>
        <line num="58" count="2" type="stmt"/>
        <line num="61" count="12" type="cond" truecount="3" falsecount="1"/>
        <line num="62" count="0" type="stmt"/>
        <line num="65" count="12" type="cond" truecount="4" falsecount="0"/>
        <line num="66" count="1" type="stmt"/>
        <line num="70" count="11" type="cond" truecount="3" falsecount="1"/>
        <line num="72" count="0" type="stmt"/>
        <line num="77" count="11" type="cond" truecount="2" falsecount="0"/>
        <line num="78" count="10" type="stmt"/>
        <line num="80" count="1" type="stmt"/>
        <line num="81" count="1" type="stmt"/>
        <line num="85" count="11" type="cond" truecount="2" falsecount="0"/>
        <line num="86" count="2" type="stmt"/>
        <line num="88" count="9" type="stmt"/>
        <line num="89" count="9" type="stmt"/>
        <line num="93" count="11" type="stmt"/>
        <line num="95" count="11" type="stmt"/>
        <line num="119" count="14" type="cond" truecount="1" falsecount="1"/>
        <line num="120" count="0" type="stmt"/>
        <line num="123" count="14" type="stmt"/>
        <line num="125" count="14" type="cond" truecount="3" falsecount="1"/>
        <line num="126" count="0" type="stmt"/>
        <line num="129" count="14" type="cond" truecount="3" falsecount="1"/>
        <line num="130" count="0" type="stmt"/>
        <line num="134" count="14" type="cond" truecount="3" falsecount="1"/>
        <line num="136" count="0" type="stmt"/>
        <line num="139" count="14" type="stmt"/>
        <line num="140" count="14" type="cond" truecount="2" falsecount="0"/>
        <line num="141" count="14" type="cond" truecount="2" falsecount="0"/>
        <line num="143" count="14" type="cond" truecount="2" falsecount="0"/>
        <line num="144" count="2" type="stmt"/>
        <line num="150" count="12" type="stmt"/>
        <line num="160" count="0" type="stmt"/>
        <line num="161" count="0" type="stmt"/>
        <line num="162" count="0" type="cond" truecount="0" falsecount="4"/>
        <line num="168" count="50" type="stmt"/>
        <line num="172" count="0" type="stmt"/>
        <line num="175" count="0" type="cond" truecount="0" falsecount="2"/>
        <line num="177" count="0" type="cond" truecount="0" falsecount="4"/>
        <line num="178" count="0" type="stmt"/>
        <line num="179" count="0" type="cond" truecount="0" falsecount="4"/>
        <line num="180" count="0" type="stmt"/>
        <line num="181" count="0" type="cond" truecount="0" falsecount="4"/>
        <line num="182" count="0" type="stmt"/>
        <line num="183" count="0" type="cond" truecount="0" falsecount="4"/>
        <line num="184" count="0" type="stmt"/>
        <line num="185" count="0" type="cond" truecount="0" falsecount="4"/>
        <line num="186" count="0" type="stmt"/>
        <line num="187" count="0" type="stmt"/>
        <line num="188" count="0" type="cond" truecount="0" falsecount="4"/>
        <line num="189" count="0" type="stmt"/>
        <line num="190" count="0" type="stmt"/>
        <line num="194" count="0" type="stmt"/>
        <line num="211" count="0" type="stmt"/>
        <line num="213" count="0" type="cond" truecount="0" falsecount="2"/>
        <line num="214" count="0" type="cond" truecount="0" falsecount="4"/>
        <line num="215" count="0" type="stmt"/>
        <line num="219" count="0" type="cond" truecount="0" falsecount="4"/>
        <line num="220" count="0" type="stmt"/>
        <line num="228" count="0" type="stmt"/>
        <line num="236" count="22" type="stmt"/>
        <line num="245" count="22" type="stmt"/>
        <line num="246" count="22" type="cond" truecount="2" falsecount="0"/>
        <line num="251" count="33" type="cond" truecount="2" falsecount="0"/>
        <line num="253" count="27" type="stmt"/>
        <line num="256" count="27" type="cond" truecount="1" falsecount="1"/>
        <line num="257" count="0" type="stmt"/>
        <line num="261" count="27" type="cond" truecount="1" falsecount="1"/>
        <line num="262" count="0" type="stmt"/>
        <line num="266" count="27" type="cond" truecount="2" falsecount="0"/>
        <line num="267" count="12" type="stmt"/>
        <line num="271" count="15" type="cond" truecount="1" falsecount="1"/>
        <line num="272" count="0" type="stmt"/>
        <line num="275" count="15" type="stmt"/>
        <line num="279" count="24" type="stmt"/>
        <line num="281" count="28" type="stmt"/>
        <line num="286" count="89" type="stmt"/>
        <line num="288" count="98" type="stmt"/>
        <line num="294" count="2" type="stmt"/>
      </file>
    </package>
  </project>
</coverage>
