{"/home/sifann/workspace/server/__tests__/setup.js": {"path":"/home/sifann/workspace/server/__tests__/setup.js","statementMap":{"0":{"start":{"line":1,"column":16},"end":{"line":1,"column":36}},"1":{"start":{"line":2,"column":16},"end":{"line":2,"column":34}},"2":{"start":{"line":3,"column":13},"end":{"line":3,"column":28}},"3":{"start":{"line":4,"column":25},"end":{"line":4,"column":57}},"4":{"start":{"line":5,"column":38},"end":{"line":5,"column":64}},"5":{"start":{"line":7,"column":21},"end":{"line":13,"column":1}},"6":{"start":{"line":8,"column":14},"end":{"line":8,"column":23}},"7":{"start":{"line":9,"column":2},"end":{"line":9,"column":18}},"8":{"start":{"line":10,"column":2},"end":{"line":10,"column":26}},"9":{"start":{"line":11,"column":2},"end":{"line":11,"column":36}},"10":{"start":{"line":12,"column":2},"end":{"line":12,"column":13}},"11":{"start":{"line":15,"column":0},"end":{"line":17,"column":3}},"12":{"start":{"line":16,"column":2},"end":{"line":16,"column":23}},"13":{"start":{"line":19,"column":0},"end":{"line":21,"column":3}},"14":{"start":{"line":20,"column":2},"end":{"line":20,"column":27}},"15":{"start":{"line":23,"column":0},"end":{"line":23,"column":30}}},"fnMap":{"0":{"name":"(anonymous_0)","decl":{"start":{"line":7,"column":21},"end":{"line":7,"column":22}},"loc":{"start":{"line":7,"column":27},"end":{"line":13,"column":1}},"line":7},"1":{"name":"(anonymous_1)","decl":{"start":{"line":15,"column":10},"end":{"line":15,"column":11}},"loc":{"start":{"line":15,"column":22},"end":{"line":17,"column":1}},"line":15},"2":{"name":"(anonymous_2)","decl":{"start":{"line":19,"column":9},"end":{"line":19,"column":10}},"loc":{"start":{"line":19,"column":21},"end":{"line":21,"column":1}},"line":19}},"branchMap":{},"s":{"0":1,"1":1,"2":1,"3":1,"4":1,"5":1,"6":1,"7":1,"8":1,"9":1,"10":1,"11":1,"12":1,"13":1,"14":1,"15":1},"f":{"0":1,"1":1,"2":1},"b":{},"_coverageSchema":"1a1c01bbd47fc00a2c39e90264f33305004495a9","hash":"459592a9546483514de2b948cb1ed901365e974b"}
,"/home/sifann/workspace/server/config/redis.js": {"path":"/home/sifann/workspace/server/config/redis.js","statementMap":{"0":{"start":{"line":1,"column":25},"end":{"line":1,"column":41}},"1":{"start":{"line":3,"column":20},"end":{"line":5,"column":2}},"2":{"start":{"line":7,"column":0},"end":{"line":9,"column":3}},"3":{"start":{"line":8,"column":2},"end":{"line":8,"column":44}},"4":{"start":{"line":11,"column":0},"end":{"line":13,"column":3}},"5":{"start":{"line":12,"column":2},"end":{"line":12,"column":36}},"6":{"start":{"line":15,"column":21},"end":{"line":21,"column":1}},"7":{"start":{"line":16,"column":2},"end":{"line":20,"column":3}},"8":{"start":{"line":17,"column":4},"end":{"line":17,"column":32}},"9":{"start":{"line":19,"column":4},"end":{"line":19,"column":50}},"10":{"start":{"line":23,"column":0},"end":{"line":23,"column":47}}},"fnMap":{"0":{"name":"(anonymous_0)","decl":{"start":{"line":7,"column":24},"end":{"line":7,"column":25}},"loc":{"start":{"line":7,"column":33},"end":{"line":9,"column":1}},"line":7},"1":{"name":"(anonymous_1)","decl":{"start":{"line":11,"column":26},"end":{"line":11,"column":27}},"loc":{"start":{"line":11,"column":32},"end":{"line":13,"column":1}},"line":11},"2":{"name":"(anonymous_2)","decl":{"start":{"line":15,"column":21},"end":{"line":15,"column":22}},"loc":{"start":{"line":15,"column":33},"end":{"line":21,"column":1}},"line":15}},"branchMap":{"0":{"loc":{"start":{"line":4,"column":7},"end":{"line":4,"column":56}},"type":"binary-expr","locations":[{"start":{"line":4,"column":7},"end":{"line":4,"column":28}},{"start":{"line":4,"column":32},"end":{"line":4,"column":56}}],"line":4}},"s":{"0":1,"1":1,"2":1,"3":0,"4":1,"5":1,"6":1,"7":1,"8":1,"9":0,"10":1},"f":{"0":0,"1":1,"2":1},"b":{"0":[1,1]},"_coverageSchema":"1a1c01bbd47fc00a2c39e90264f33305004495a9","hash":"bac8895165196319e2f9a18c25e8b9a0c249e4c1"}
,"/home/sifann/workspace/server/middleware/cache.js": {"path":"/home/sifann/workspace/server/middleware/cache.js","statementMap":{"0":{"start":{"line":1,"column":24},"end":{"line":1,"column":50}},"1":{"start":{"line":4,"column":23},"end":{"line":4,"column":27}},"2":{"start":{"line":7,"column":25},"end":{"line":9,"column":1}},"3":{"start":{"line":8,"column":2},"end":{"line":8,"column":62}},"4":{"start":{"line":12,"column":19},"end":{"line":37,"column":1}},"5":{"start":{"line":13,"column":2},"end":{"line":36,"column":3}},"6":{"start":{"line":14,"column":50},"end":{"line":14,"column":59}},"7":{"start":{"line":17,"column":4},"end":{"line":19,"column":5}},"8":{"start":{"line":18,"column":6},"end":{"line":18,"column":20}},"9":{"start":{"line":21,"column":21},"end":{"line":21,"column":72}},"10":{"start":{"line":22,"column":25},"end":{"line":22,"column":56}},"11":{"start":{"line":24,"column":4},"end":{"line":27,"column":5}},"12":{"start":{"line":25,"column":6},"end":{"line":25,"column":46}},"13":{"start":{"line":26,"column":6},"end":{"line":26,"column":48}},"14":{"start":{"line":30,"column":4},"end":{"line":30,"column":28}},"15":{"start":{"line":31,"column":4},"end":{"line":31,"column":11}},"16":{"start":{"line":33,"column":4},"end":{"line":33,"column":52}},"17":{"start":{"line":35,"column":4},"end":{"line":35,"column":11}},"18":{"start":{"line":40,"column":23},"end":{"line":49,"column":1}},"19":{"start":{"line":41,"column":2},"end":{"line":48,"column":3}},"20":{"start":{"line":42,"column":4},"end":{"line":45,"column":5}},"21":{"start":{"line":43,"column":6},"end":{"line":43,"column":80}},"22":{"start":{"line":44,"column":6},"end":{"line":44,"column":50}},"23":{"start":{"line":47,"column":4},"end":{"line":47,"column":49}},"24":{"start":{"line":51,"column":0},"end":{"line":51,"column":48}}},"fnMap":{"0":{"name":"(anonymous_0)","decl":{"start":{"line":7,"column":25},"end":{"line":7,"column":26}},"loc":{"start":{"line":7,"column":64},"end":{"line":9,"column":1}},"line":7},"1":{"name":"(anonymous_1)","decl":{"start":{"line":12,"column":19},"end":{"line":12,"column":20}},"loc":{"start":{"line":12,"column":45},"end":{"line":37,"column":1}},"line":12},"2":{"name":"(anonymous_2)","decl":{"start":{"line":40,"column":23},"end":{"line":40,"column":24}},"loc":{"start":{"line":40,"column":51},"end":{"line":49,"column":1}},"line":40}},"branchMap":{"0":{"loc":{"start":{"line":17,"column":4},"end":{"line":19,"column":5}},"type":"if","locations":[{"start":{"line":17,"column":4},"end":{"line":19,"column":5}},{"start":{},"end":{}}],"line":17},"1":{"loc":{"start":{"line":17,"column":8},"end":{"line":17,"column":67}},"type":"binary-expr","locations":[{"start":{"line":17,"column":8},"end":{"line":17,"column":17}},{"start":{"line":17,"column":21},"end":{"line":17,"column":30}},{"start":{"line":17,"column":34},"end":{"line":17,"column":41}},{"start":{"line":17,"column":45},"end":{"line":17,"column":51}},{"start":{"line":17,"column":55},"end":{"line":17,"column":67}}],"line":17},"2":{"loc":{"start":{"line":24,"column":4},"end":{"line":27,"column":5}},"type":"if","locations":[{"start":{"line":24,"column":4},"end":{"line":27,"column":5}},{"start":{},"end":{}}],"line":24},"3":{"loc":{"start":{"line":42,"column":4},"end":{"line":45,"column":5}},"type":"if","locations":[{"start":{"line":42,"column":4},"end":{"line":45,"column":5}},{"start":{},"end":{}}],"line":42},"4":{"loc":{"start":{"line":42,"column":8},"end":{"line":42,"column":26}},"type":"binary-expr","locations":[{"start":{"line":42,"column":8},"end":{"line":42,"column":16}},{"start":{"line":42,"column":20},"end":{"line":42,"column":26}}],"line":42}},"s":{"0":1,"1":1,"2":1,"3":9,"4":1,"5":11,"6":11,"7":11,"8":2,"9":9,"10":9,"11":9,"12":0,"13":0,"14":9,"15":9,"16":0,"17":0,"18":1,"19":7,"20":7,"21":7,"22":7,"23":0,"24":1},"f":{"0":9,"1":11,"2":7},"b":{"0":[2,9],"1":[11,11,11,10,10],"2":[0,9],"3":[7,0],"4":[7,7]},"_coverageSchema":"1a1c01bbd47fc00a2c39e90264f33305004495a9","hash":"6127cbc622510a161586dbfaecb01c0a6b7aa2c2"}
,"/home/sifann/workspace/server/routes/conversions.js": {"path":"/home/sifann/workspace/server/routes/conversions.js","statementMap":{"0":{"start":{"line":1,"column":16},"end":{"line":1,"column":34}},"1":{"start":{"line":2,"column":15},"end":{"line":2,"column":31}},"2":{"start":{"line":3,"column":22},"end":{"line":3,"column":58}},"3":{"start":{"line":4,"column":39},"end":{"line":4,"column":69}},"4":{"start":{"line":7,"column":0},"end":{"line":9,"column":3}},"5":{"start":{"line":8,"column":2},"end":{"line":8,"column":44}},"6":{"start":{"line":12,"column":0},"end":{"line":66,"column":3}},"7":{"start":{"line":13,"column":2},"end":{"line":65,"column":3}},"8":{"start":{"line":14,"column":50},"end":{"line":14,"column":59}},"9":{"start":{"line":16,"column":4},"end":{"line":22,"column":5}},"10":{"start":{"line":17,"column":6},"end":{"line":21,"column":9}},"11":{"start":{"line":24,"column":25},"end":{"line":24,"column":42}},"12":{"start":{"line":25,"column":4},"end":{"line":30,"column":5}},"13":{"start":{"line":26,"column":6},"end":{"line":29,"column":9}},"14":{"start":{"line":33,"column":4},"end":{"line":40,"column":5}},"15":{"start":{"line":34,"column":6},"end":{"line":34,"column":39}},"16":{"start":{"line":36,"column":6},"end":{"line":39,"column":9}},"17":{"start":{"line":42,"column":4},"end":{"line":59,"column":5}},"18":{"start":{"line":43,"column":21},"end":{"line":43,"column":84}},"19":{"start":{"line":44,"column":23},"end":{"line":48,"column":7}},"20":{"start":{"line":51,"column":6},"end":{"line":51,"column":51}},"21":{"start":{"line":53,"column":6},"end":{"line":53,"column":25}},"22":{"start":{"line":55,"column":6},"end":{"line":58,"column":9}},"23":{"start":{"line":61,"column":4},"end":{"line":64,"column":7}},"24":{"start":{"line":69,"column":0},"end":{"line":85,"column":3}},"25":{"start":{"line":70,"column":2},"end":{"line":84,"column":3}},"26":{"start":{"line":71,"column":23},"end":{"line":71,"column":52}},"27":{"start":{"line":72,"column":4},"end":{"line":78,"column":7}},"28":{"start":{"line":75,"column":8},"end":{"line":75,"column":35}},"29":{"start":{"line":76,"column":8},"end":{"line":76,"column":19}},"30":{"start":{"line":80,"column":4},"end":{"line":83,"column":7}},"31":{"start":{"line":88,"column":0},"end":{"line":105,"column":3}},"32":{"start":{"line":89,"column":2},"end":{"line":104,"column":3}},"33":{"start":{"line":90,"column":18},"end":{"line":90,"column":61}},"34":{"start":{"line":91,"column":4},"end":{"line":98,"column":7}},"35":{"start":{"line":95,"column":8},"end":{"line":95,"column":35}},"36":{"start":{"line":96,"column":8},"end":{"line":96,"column":19}},"37":{"start":{"line":100,"column":4},"end":{"line":103,"column":7}},"38":{"start":{"line":108,"column":0},"end":{"line":130,"column":3}},"39":{"start":{"line":109,"column":2},"end":{"line":129,"column":3}},"40":{"start":{"line":110,"column":43},"end":{"line":110,"column":52}},"41":{"start":{"line":111,"column":4},"end":{"line":116,"column":5}},"42":{"start":{"line":112,"column":6},"end":{"line":115,"column":9}},"43":{"start":{"line":118,"column":20},"end":{"line":118,"column":82}},"44":{"start":{"line":119,"column":4},"end":{"line":123,"column":7}},"45":{"start":{"line":125,"column":4},"end":{"line":128,"column":7}},"46":{"start":{"line":132,"column":0},"end":{"line":132,"column":24}}},"fnMap":{"0":{"name":"(anonymous_0)","decl":{"start":{"line":7,"column":22},"end":{"line":7,"column":23}},"loc":{"start":{"line":7,"column":36},"end":{"line":9,"column":1}},"line":7},"1":{"name":"(anonymous_1)","decl":{"start":{"line":12,"column":35},"end":{"line":12,"column":36}},"loc":{"start":{"line":12,"column":55},"end":{"line":66,"column":1}},"line":12},"2":{"name":"(anonymous_2)","decl":{"start":{"line":69,"column":26},"end":{"line":69,"column":27}},"loc":{"start":{"line":69,"column":40},"end":{"line":85,"column":1}},"line":69},"3":{"name":"(anonymous_3)","decl":{"start":{"line":74,"column":36},"end":{"line":74,"column":37}},"loc":{"start":{"line":74,"column":50},"end":{"line":77,"column":7}},"line":74},"4":{"name":"(anonymous_4)","decl":{"start":{"line":88,"column":31},"end":{"line":88,"column":32}},"loc":{"start":{"line":88,"column":45},"end":{"line":105,"column":1}},"line":88},"5":{"name":"(anonymous_5)","decl":{"start":{"line":94,"column":32},"end":{"line":94,"column":33}},"loc":{"start":{"line":94,"column":47},"end":{"line":97,"column":7}},"line":94},"6":{"name":"(anonymous_6)","decl":{"start":{"line":108,"column":23},"end":{"line":108,"column":24}},"loc":{"start":{"line":108,"column":37},"end":{"line":130,"column":1}},"line":108}},"branchMap":{"0":{"loc":{"start":{"line":16,"column":4},"end":{"line":22,"column":5}},"type":"if","locations":[{"start":{"line":16,"column":4},"end":{"line":22,"column":5}},{"start":{},"end":{}}],"line":16},"1":{"loc":{"start":{"line":16,"column":8},"end":{"line":16,"column":51}},"type":"binary-expr","locations":[{"start":{"line":16,"column":8},"end":{"line":16,"column":17}},{"start":{"line":16,"column":21},"end":{"line":16,"column":30}},{"start":{"line":16,"column":34},"end":{"line":16,"column":41}},{"start":{"line":16,"column":45},"end":{"line":16,"column":51}}],"line":16},"2":{"loc":{"start":{"line":25,"column":4},"end":{"line":30,"column":5}},"type":"if","locations":[{"start":{"line":25,"column":4},"end":{"line":30,"column":5}},{"start":{},"end":{}}],"line":25},"3":{"loc":{"start":{"line":111,"column":4},"end":{"line":116,"column":5}},"type":"if","locations":[{"start":{"line":111,"column":4},"end":{"line":116,"column":5}},{"start":{},"end":{}}],"line":111},"4":{"loc":{"start":{"line":111,"column":8},"end":{"line":111,"column":41}},"type":"binary-expr","locations":[{"start":{"line":111,"column":8},"end":{"line":111,"column":17}},{"start":{"line":111,"column":21},"end":{"line":111,"column":30}},{"start":{"line":111,"column":34},"end":{"line":111,"column":41}}],"line":111}},"s":{"0":1,"1":1,"2":1,"3":1,"4":1,"5":1,"6":1,"7":11,"8":11,"9":11,"10":1,"11":10,"12":10,"13":1,"14":9,"15":9,"16":1,"17":8,"18":8,"19":7,"20":7,"21":7,"22":1,"23":0,"24":1,"25":1,"26":1,"27":1,"28":12,"29":12,"30":0,"31":1,"32":2,"33":2,"34":1,"35":9,"36":9,"37":1,"38":1,"39":2,"40":2,"41":2,"42":1,"43":1,"44":1,"45":0,"46":1},"f":{"0":1,"1":11,"2":1,"3":12,"4":2,"5":9,"6":2},"b":{"0":[1,10],"1":[11,11,11,10],"2":[1,9],"3":[1,1],"4":[2,2,2]},"_coverageSchema":"1a1c01bbd47fc00a2c39e90264f33305004495a9","hash":"784caa916e183ed1f54894ae5ce7afb700b4a17e"}
,"/home/sifann/workspace/server/services/UnitConverter.js": {"path":"/home/sifann/workspace/server/services/UnitConverter.js","statementMap":{"0":{"start":{"line":1,"column":26},"end":{"line":1,"column":67}},"1":{"start":{"line":5,"column":4},"end":{"line":5,"column":47}},"2":{"start":{"line":13,"column":4},"end":{"line":17,"column":8}},"3":{"start":{"line":13,"column":64},"end":{"line":17,"column":5}},"4":{"start":{"line":26,"column":25},"end":{"line":26,"column":57}},"5":{"start":{"line":27,"column":4},"end":{"line":29,"column":5}},"6":{"start":{"line":28,"column":6},"end":{"line":28,"column":58}},"7":{"start":{"line":31,"column":4},"end":{"line":38,"column":6}},"8":{"start":{"line":33,"column":58},"end":{"line":37,"column":7}},"9":{"start":{"line":50,"column":4},"end":{"line":52,"column":5}},"10":{"start":{"line":51,"column":6},"end":{"line":51,"column":58}},"11":{"start":{"line":54,"column":25},"end":{"line":54,"column":57}},"12":{"start":{"line":55,"column":21},"end":{"line":55,"column":42}},"13":{"start":{"line":57,"column":4},"end":{"line":59,"column":5}},"14":{"start":{"line":58,"column":6},"end":{"line":58,"column":80}},"15":{"start":{"line":61,"column":4},"end":{"line":63,"column":5}},"16":{"start":{"line":62,"column":6},"end":{"line":62,"column":78}},"17":{"start":{"line":65,"column":4},"end":{"line":67,"column":5}},"18":{"start":{"line":66,"column":6},"end":{"line":66,"column":48}},"19":{"start":{"line":70,"column":4},"end":{"line":73,"column":5}},"20":{"start":{"line":72,"column":6},"end":{"line":72,"column":82}},"21":{"start":{"line":77,"column":4},"end":{"line":82,"column":5}},"22":{"start":{"line":78,"column":6},"end":{"line":78,"column":30}},"23":{"start":{"line":80,"column":25},"end":{"line":80,"column":53}},"24":{"start":{"line":81,"column":6},"end":{"line":81,"column":43}},"25":{"start":{"line":85,"column":4},"end":{"line":90,"column":5}},"26":{"start":{"line":86,"column":6},"end":{"line":86,"column":31}},"27":{"start":{"line":88,"column":23},"end":{"line":88,"column":49}},"28":{"start":{"line":89,"column":6},"end":{"line":89,"column":42}},"29":{"start":{"line":93,"column":28},"end":{"line":93,"column":54}},"30":{"start":{"line":95,"column":4},"end":{"line":108,"column":6}},"31":{"start":{"line":119,"column":4},"end":{"line":121,"column":5}},"32":{"start":{"line":120,"column":6},"end":{"line":120,"column":58}},"33":{"start":{"line":123,"column":25},"end":{"line":123,"column":57}},"34":{"start":{"line":125,"column":4},"end":{"line":127,"column":5}},"35":{"start":{"line":126,"column":6},"end":{"line":126,"column":80}},"36":{"start":{"line":129,"column":4},"end":{"line":131,"column":5}},"37":{"start":{"line":130,"column":6},"end":{"line":130,"column":78}},"38":{"start":{"line":134,"column":4},"end":{"line":137,"column":5}},"39":{"start":{"line":136,"column":6},"end":{"line":136,"column":79}},"40":{"start":{"line":139,"column":21},"end":{"line":139,"column":42}},"41":{"start":{"line":140,"column":23},"end":{"line":140,"column":79}},"42":{"start":{"line":141,"column":21},"end":{"line":141,"column":73}},"43":{"start":{"line":143,"column":4},"end":{"line":148,"column":5}},"44":{"start":{"line":144,"column":6},"end":{"line":147,"column":8}},"45":{"start":{"line":150,"column":4},"end":{"line":156,"column":6}},"46":{"start":{"line":160,"column":4},"end":{"line":164,"column":7}},"47":{"start":{"line":161,"column":20},"end":{"line":161,"column":58}},"48":{"start":{"line":162,"column":6},"end":{"line":163,"column":99}},"49":{"start":{"line":168,"column":4},"end":{"line":168,"column":50}},"50":{"start":{"line":172,"column":31},"end":{"line":172,"column":62}},"51":{"start":{"line":175,"column":4},"end":{"line":192,"column":5}},"52":{"start":{"line":177,"column":6},"end":{"line":191,"column":7}},"53":{"start":{"line":178,"column":8},"end":{"line":178,"column":86}},"54":{"start":{"line":179,"column":13},"end":{"line":191,"column":7}},"55":{"start":{"line":180,"column":8},"end":{"line":180,"column":86}},"56":{"start":{"line":181,"column":13},"end":{"line":191,"column":7}},"57":{"start":{"line":182,"column":8},"end":{"line":182,"column":82}},"58":{"start":{"line":183,"column":13},"end":{"line":191,"column":7}},"59":{"start":{"line":184,"column":8},"end":{"line":184,"column":82}},"60":{"start":{"line":185,"column":13},"end":{"line":191,"column":7}},"61":{"start":{"line":186,"column":24},"end":{"line":186,"column":92}},"62":{"start":{"line":187,"column":8},"end":{"line":187,"column":84}},"63":{"start":{"line":188,"column":13},"end":{"line":191,"column":7}},"64":{"start":{"line":189,"column":24},"end":{"line":189,"column":88}},"65":{"start":{"line":190,"column":8},"end":{"line":190,"column":88}},"66":{"start":{"line":194,"column":4},"end":{"line":207,"column":6}},"67":{"start":{"line":211,"column":31},"end":{"line":211,"column":62}},"68":{"start":{"line":213,"column":4},"end":{"line":226,"column":5}},"69":{"start":{"line":214,"column":6},"end":{"line":224,"column":7}},"70":{"start":{"line":215,"column":8},"end":{"line":218,"column":10}},"71":{"start":{"line":219,"column":13},"end":{"line":224,"column":7}},"72":{"start":{"line":220,"column":8},"end":{"line":223,"column":10}},"73":{"start":{"line":228,"column":4},"end":{"line":231,"column":6}},"74":{"start":{"line":236,"column":20},"end":{"line":243,"column":5}},"75":{"start":{"line":245,"column":22},"end":{"line":245,"column":47}},"76":{"start":{"line":246,"column":4},"end":{"line":246,"column":56}},"77":{"start":{"line":251,"column":4},"end":{"line":251,"column":28}},"78":{"start":{"line":251,"column":19},"end":{"line":251,"column":28}},"79":{"start":{"line":253,"column":16},"end":{"line":253,"column":29}},"80":{"start":{"line":256,"column":4},"end":{"line":258,"column":5}},"81":{"start":{"line":257,"column":6},"end":{"line":257,"column":42}},"82":{"start":{"line":261,"column":4},"end":{"line":263,"column":5}},"83":{"start":{"line":262,"column":6},"end":{"line":262,"column":42}},"84":{"start":{"line":266,"column":4},"end":{"line":268,"column":5}},"85":{"start":{"line":267,"column":6},"end":{"line":267,"column":29}},"86":{"start":{"line":271,"column":4},"end":{"line":273,"column":5}},"87":{"start":{"line":272,"column":6},"end":{"line":272,"column":36}},"88":{"start":{"line":275,"column":4},"end":{"line":275,"column":34}},"89":{"start":{"line":279,"column":4},"end":{"line":282,"column":17}},"90":{"start":{"line":281,"column":19},"end":{"line":281,"column":77}},"91":{"start":{"line":286,"column":4},"end":{"line":289,"column":17}},"92":{"start":{"line":288,"column":19},"end":{"line":288,"column":77}},"93":{"start":{"line":294,"column":0},"end":{"line":294,"column":37}}},"fnMap":{"0":{"name":"(anonymous_0)","decl":{"start":{"line":4,"column":2},"end":{"line":4,"column":3}},"loc":{"start":{"line":4,"column":16},"end":{"line":6,"column":3}},"line":4},"1":{"name":"(anonymous_1)","decl":{"start":{"line":12,"column":2},"end":{"line":12,"column":3}},"loc":{"start":{"line":12,"column":18},"end":{"line":18,"column":3}},"line":12},"2":{"name":"(anonymous_2)","decl":{"start":{"line":13,"column":51},"end":{"line":13,"column":52}},"loc":{"start":{"line":13,"column":64},"end":{"line":17,"column":5}},"line":13},"3":{"name":"(anonymous_3)","decl":{"start":{"line":25,"column":2},"end":{"line":25,"column":3}},"loc":{"start":{"line":25,"column":21},"end":{"line":39,"column":3}},"line":25},"4":{"name":"(anonymous_4)","decl":{"start":{"line":33,"column":49},"end":{"line":33,"column":50}},"loc":{"start":{"line":33,"column":58},"end":{"line":37,"column":7}},"line":33},"5":{"name":"(anonymous_5)","decl":{"start":{"line":49,"column":2},"end":{"line":49,"column":3}},"loc":{"start":{"line":49,"column":45},"end":{"line":109,"column":3}},"line":49},"6":{"name":"(anonymous_6)","decl":{"start":{"line":118,"column":2},"end":{"line":118,"column":3}},"loc":{"start":{"line":118,"column":51},"end":{"line":157,"column":3}},"line":118},"7":{"name":"(anonymous_7)","decl":{"start":{"line":159,"column":2},"end":{"line":159,"column":3}},"loc":{"start":{"line":159,"column":34},"end":{"line":165,"column":3}},"line":159},"8":{"name":"(anonymous_8)","decl":{"start":{"line":160,"column":52},"end":{"line":160,"column":53}},"loc":{"start":{"line":160,"column":64},"end":{"line":164,"column":5}},"line":160},"9":{"name":"(anonymous_9)","decl":{"start":{"line":167,"column":2},"end":{"line":167,"column":3}},"loc":{"start":{"line":167,"column":43},"end":{"line":169,"column":3}},"line":167},"10":{"name":"(anonymous_10)","decl":{"start":{"line":171,"column":2},"end":{"line":171,"column":3}},"loc":{"start":{"line":171,"column":66},"end":{"line":208,"column":3}},"line":171},"11":{"name":"(anonymous_11)","decl":{"start":{"line":210,"column":2},"end":{"line":210,"column":3}},"loc":{"start":{"line":210,"column":63},"end":{"line":232,"column":3}},"line":210},"12":{"name":"(anonymous_12)","decl":{"start":{"line":234,"column":2},"end":{"line":234,"column":3}},"loc":{"start":{"line":234,"column":28},"end":{"line":247,"column":3}},"line":234},"13":{"name":"(anonymous_13)","decl":{"start":{"line":249,"column":2},"end":{"line":249,"column":3}},"loc":{"start":{"line":249,"column":21},"end":{"line":276,"column":3}},"line":249},"14":{"name":"(anonymous_14)","decl":{"start":{"line":278,"column":2},"end":{"line":278,"column":3}},"loc":{"start":{"line":278,"column":32},"end":{"line":283,"column":3}},"line":278},"15":{"name":"(anonymous_15)","decl":{"start":{"line":281,"column":11},"end":{"line":281,"column":12}},"loc":{"start":{"line":281,"column":19},"end":{"line":281,"column":77}},"line":281},"16":{"name":"(anonymous_16)","decl":{"start":{"line":285,"column":2},"end":{"line":285,"column":3}},"loc":{"start":{"line":285,"column":24},"end":{"line":290,"column":3}},"line":285},"17":{"name":"(anonymous_17)","decl":{"start":{"line":288,"column":11},"end":{"line":288,"column":12}},"loc":{"start":{"line":288,"column":19},"end":{"line":288,"column":77}},"line":288}},"branchMap":{"0":{"loc":{"start":{"line":27,"column":4},"end":{"line":29,"column":5}},"type":"if","locations":[{"start":{"line":27,"column":4},"end":{"line":29,"column":5}},{"start":{},"end":{}}],"line":27},"1":{"loc":{"start":{"line":50,"column":4},"end":{"line":52,"column":5}},"type":"if","locations":[{"start":{"line":50,"column":4},"end":{"line":52,"column":5}},{"start":{},"end":{}}],"line":50},"2":{"loc":{"start":{"line":57,"column":4},"end":{"line":59,"column":5}},"type":"if","locations":[{"start":{"line":57,"column":4},"end":{"line":59,"column":5}},{"start":{},"end":{}}],"line":57},"3":{"loc":{"start":{"line":57,"column":8},"end":{"line":57,"column":62}},"type":"binary-expr","locations":[{"start":{"line":57,"column":8},"end":{"line":57,"column":29}},{"start":{"line":57,"column":33},"end":{"line":57,"column":62}}],"line":57},"4":{"loc":{"start":{"line":61,"column":4},"end":{"line":63,"column":5}},"type":"if","locations":[{"start":{"line":61,"column":4},"end":{"line":63,"column":5}},{"start":{},"end":{}}],"line":61},"5":{"loc":{"start":{"line":61,"column":8},"end":{"line":61,"column":58}},"type":"binary-expr","locations":[{"start":{"line":61,"column":8},"end":{"line":61,"column":27}},{"start":{"line":61,"column":31},"end":{"line":61,"column":58}}],"line":61},"6":{"loc":{"start":{"line":65,"column":4},"end":{"line":67,"column":5}},"type":"if","locations":[{"start":{"line":65,"column":4},"end":{"line":67,"column":5}},{"start":{},"end":{}}],"line":65},"7":{"loc":{"start":{"line":65,"column":8},"end":{"line":65,"column":49}},"type":"binary-expr","locations":[{"start":{"line":65,"column":8},"end":{"line":65,"column":33}},{"start":{"line":65,"column":37},"end":{"line":65,"column":49}}],"line":65},"8":{"loc":{"start":{"line":70,"column":4},"end":{"line":73,"column":5}},"type":"if","locations":[{"start":{"line":70,"column":4},"end":{"line":73,"column":5}},{"start":{},"end":{}}],"line":70},"9":{"loc":{"start":{"line":70,"column":8},"end":{"line":71,"column":55}},"type":"binary-expr","locations":[{"start":{"line":70,"column":8},"end":{"line":70,"column":57}},{"start":{"line":71,"column":8},"end":{"line":71,"column":55}}],"line":70},"10":{"loc":{"start":{"line":77,"column":4},"end":{"line":82,"column":5}},"type":"if","locations":[{"start":{"line":77,"column":4},"end":{"line":82,"column":5}},{"start":{"line":79,"column":11},"end":{"line":82,"column":5}}],"line":77},"11":{"loc":{"start":{"line":85,"column":4},"end":{"line":90,"column":5}},"type":"if","locations":[{"start":{"line":85,"column":4},"end":{"line":90,"column":5}},{"start":{"line":87,"column":11},"end":{"line":90,"column":5}}],"line":85},"12":{"loc":{"start":{"line":119,"column":4},"end":{"line":121,"column":5}},"type":"if","locations":[{"start":{"line":119,"column":4},"end":{"line":121,"column":5}},{"start":{},"end":{}}],"line":119},"13":{"loc":{"start":{"line":125,"column":4},"end":{"line":127,"column":5}},"type":"if","locations":[{"start":{"line":125,"column":4},"end":{"line":127,"column":5}},{"start":{},"end":{}}],"line":125},"14":{"loc":{"start":{"line":125,"column":8},"end":{"line":125,"column":75}},"type":"binary-expr","locations":[{"start":{"line":125,"column":8},"end":{"line":125,"column":42}},{"start":{"line":125,"column":46},"end":{"line":125,"column":75}}],"line":125},"15":{"loc":{"start":{"line":129,"column":4},"end":{"line":131,"column":5}},"type":"if","locations":[{"start":{"line":129,"column":4},"end":{"line":131,"column":5}},{"start":{},"end":{}}],"line":129},"16":{"loc":{"start":{"line":129,"column":8},"end":{"line":129,"column":71}},"type":"binary-expr","locations":[{"start":{"line":129,"column":8},"end":{"line":129,"column":40}},{"start":{"line":129,"column":44},"end":{"line":129,"column":71}}],"line":129},"17":{"loc":{"start":{"line":134,"column":4},"end":{"line":137,"column":5}},"type":"if","locations":[{"start":{"line":134,"column":4},"end":{"line":137,"column":5}},{"start":{},"end":{}}],"line":134},"18":{"loc":{"start":{"line":134,"column":8},"end":{"line":135,"column":55}},"type":"binary-expr","locations":[{"start":{"line":134,"column":8},"end":{"line":134,"column":57}},{"start":{"line":135,"column":8},"end":{"line":135,"column":55}}],"line":134},"19":{"loc":{"start":{"line":140,"column":23},"end":{"line":140,"column":79}},"type":"cond-expr","locations":[{"start":{"line":140,"column":47},"end":{"line":140,"column":48}},{"start":{"line":140,"column":51},"end":{"line":140,"column":79}}],"line":140},"20":{"loc":{"start":{"line":141,"column":21},"end":{"line":141,"column":73}},"type":"cond-expr","locations":[{"start":{"line":141,"column":43},"end":{"line":141,"column":44}},{"start":{"line":141,"column":47},"end":{"line":141,"column":73}}],"line":141},"21":{"loc":{"start":{"line":143,"column":4},"end":{"line":148,"column":5}},"type":"if","locations":[{"start":{"line":143,"column":4},"end":{"line":148,"column":5}},{"start":{},"end":{}}],"line":143},"22":{"loc":{"start":{"line":162,"column":13},"end":{"line":163,"column":98}},"type":"binary-expr","locations":[{"start":{"line":162,"column":14},"end":{"line":162,"column":68}},{"start":{"line":162,"column":72},"end":{"line":162,"column":101}},{"start":{"line":163,"column":14},"end":{"line":163,"column":66}},{"start":{"line":163,"column":70},"end":{"line":163,"column":97}}],"line":162},"23":{"loc":{"start":{"line":175,"column":4},"end":{"line":192,"column":5}},"type":"if","locations":[{"start":{"line":175,"column":4},"end":{"line":192,"column":5}},{"start":{},"end":{}}],"line":175},"24":{"loc":{"start":{"line":177,"column":6},"end":{"line":191,"column":7}},"type":"if","locations":[{"start":{"line":177,"column":6},"end":{"line":191,"column":7}},{"start":{"line":179,"column":13},"end":{"line":191,"column":7}}],"line":177},"25":{"loc":{"start":{"line":177,"column":10},"end":{"line":177,"column":59}},"type":"binary-expr","locations":[{"start":{"line":177,"column":10},"end":{"line":177,"column":32}},{"start":{"line":177,"column":36},"end":{"line":177,"column":59}}],"line":177},"26":{"loc":{"start":{"line":179,"column":13},"end":{"line":191,"column":7}},"type":"if","locations":[{"start":{"line":179,"column":13},"end":{"line":191,"column":7}},{"start":{"line":181,"column":13},"end":{"line":191,"column":7}}],"line":179},"27":{"loc":{"start":{"line":179,"column":17},"end":{"line":179,"column":66}},"type":"binary-expr","locations":[{"start":{"line":179,"column":17},"end":{"line":179,"column":42}},{"start":{"line":179,"column":46},"end":{"line":179,"column":66}}],"line":179},"28":{"loc":{"start":{"line":181,"column":13},"end":{"line":191,"column":7}},"type":"if","locations":[{"start":{"line":181,"column":13},"end":{"line":191,"column":7}},{"start":{"line":183,"column":13},"end":{"line":191,"column":7}}],"line":181},"29":{"loc":{"start":{"line":181,"column":17},"end":{"line":181,"column":62}},"type":"binary-expr","locations":[{"start":{"line":181,"column":17},"end":{"line":181,"column":38}},{"start":{"line":181,"column":42},"end":{"line":181,"column":62}}],"line":181},"30":{"loc":{"start":{"line":183,"column":13},"end":{"line":191,"column":7}},"type":"if","locations":[{"start":{"line":183,"column":13},"end":{"line":191,"column":7}},{"start":{"line":185,"column":13},"end":{"line":191,"column":7}}],"line":183},"31":{"loc":{"start":{"line":183,"column":17},"end":{"line":183,"column":62}},"type":"binary-expr","locations":[{"start":{"line":183,"column":17},"end":{"line":183,"column":39}},{"start":{"line":183,"column":43},"end":{"line":183,"column":62}}],"line":183},"32":{"loc":{"start":{"line":185,"column":13},"end":{"line":191,"column":7}},"type":"if","locations":[{"start":{"line":185,"column":13},"end":{"line":191,"column":7}},{"start":{"line":188,"column":13},"end":{"line":191,"column":7}}],"line":185},"33":{"loc":{"start":{"line":185,"column":17},"end":{"line":185,"column":65}},"type":"binary-expr","locations":[{"start":{"line":185,"column":17},"end":{"line":185,"column":42}},{"start":{"line":185,"column":46},"end":{"line":185,"column":65}}],"line":185},"34":{"loc":{"start":{"line":188,"column":13},"end":{"line":191,"column":7}},"type":"if","locations":[{"start":{"line":188,"column":13},"end":{"line":191,"column":7}},{"start":{},"end":{}}],"line":188},"35":{"loc":{"start":{"line":188,"column":17},"end":{"line":188,"column":65}},"type":"binary-expr","locations":[{"start":{"line":188,"column":17},"end":{"line":188,"column":38}},{"start":{"line":188,"column":42},"end":{"line":188,"column":65}}],"line":188},"36":{"loc":{"start":{"line":213,"column":4},"end":{"line":226,"column":5}},"type":"if","locations":[{"start":{"line":213,"column":4},"end":{"line":226,"column":5}},{"start":{},"end":{}}],"line":213},"37":{"loc":{"start":{"line":214,"column":6},"end":{"line":224,"column":7}},"type":"if","locations":[{"start":{"line":214,"column":6},"end":{"line":224,"column":7}},{"start":{"line":219,"column":13},"end":{"line":224,"column":7}}],"line":214},"38":{"loc":{"start":{"line":214,"column":10},"end":{"line":214,"column":59}},"type":"binary-expr","locations":[{"start":{"line":214,"column":10},"end":{"line":214,"column":32}},{"start":{"line":214,"column":36},"end":{"line":214,"column":59}}],"line":214},"39":{"loc":{"start":{"line":219,"column":13},"end":{"line":224,"column":7}},"type":"if","locations":[{"start":{"line":219,"column":13},"end":{"line":224,"column":7}},{"start":{},"end":{}}],"line":219},"40":{"loc":{"start":{"line":219,"column":17},"end":{"line":219,"column":66}},"type":"binary-expr","locations":[{"start":{"line":219,"column":17},"end":{"line":219,"column":42}},{"start":{"line":219,"column":46},"end":{"line":219,"column":66}}],"line":219},"41":{"loc":{"start":{"line":246,"column":26},"end":{"line":246,"column":53}},"type":"binary-expr","locations":[{"start":{"line":246,"column":26},"end":{"line":246,"column":39}},{"start":{"line":246,"column":43},"end":{"line":246,"column":53}}],"line":246},"42":{"loc":{"start":{"line":251,"column":4},"end":{"line":251,"column":28}},"type":"if","locations":[{"start":{"line":251,"column":4},"end":{"line":251,"column":28}},{"start":{},"end":{}}],"line":251},"43":{"loc":{"start":{"line":256,"column":4},"end":{"line":258,"column":5}},"type":"if","locations":[{"start":{"line":256,"column":4},"end":{"line":258,"column":5}},{"start":{},"end":{}}],"line":256},"44":{"loc":{"start":{"line":261,"column":4},"end":{"line":263,"column":5}},"type":"if","locations":[{"start":{"line":261,"column":4},"end":{"line":263,"column":5}},{"start":{},"end":{}}],"line":261},"45":{"loc":{"start":{"line":266,"column":4},"end":{"line":268,"column":5}},"type":"if","locations":[{"start":{"line":266,"column":4},"end":{"line":268,"column":5}},{"start":{},"end":{}}],"line":266},"46":{"loc":{"start":{"line":271,"column":4},"end":{"line":273,"column":5}},"type":"if","locations":[{"start":{"line":271,"column":4},"end":{"line":273,"column":5}},{"start":{},"end":{}}],"line":271}},"s":{"0":2,"1":2,"2":2,"3":24,"4":13,"5":13,"6":3,"7":10,"8":89,"9":14,"10":0,"11":14,"12":14,"13":14,"14":2,"15":12,"16":0,"17":12,"18":1,"19":11,"20":0,"21":11,"22":10,"23":1,"24":1,"25":11,"26":2,"27":9,"28":9,"29":11,"30":11,"31":14,"32":0,"33":14,"34":14,"35":0,"36":14,"37":0,"38":14,"39":0,"40":14,"41":14,"42":14,"43":14,"44":2,"45":12,"46":0,"47":0,"48":0,"49":50,"50":0,"51":0,"52":0,"53":0,"54":0,"55":0,"56":0,"57":0,"58":0,"59":0,"60":0,"61":0,"62":0,"63":0,"64":0,"65":0,"66":0,"67":0,"68":0,"69":0,"70":0,"71":0,"72":0,"73":0,"74":22,"75":22,"76":22,"77":33,"78":6,"79":27,"80":27,"81":0,"82":27,"83":0,"84":27,"85":12,"86":15,"87":0,"88":15,"89":24,"90":28,"91":89,"92":98,"93":2},"f":{"0":2,"1":2,"2":24,"3":13,"4":89,"5":14,"6":14,"7":0,"8":0,"9":50,"10":0,"11":0,"12":22,"13":33,"14":24,"15":28,"16":89,"17":98},"b":{"0":[3,10],"1":[0,14],"2":[2,12],"3":[14,3],"4":[0,12],"5":[12,10],"6":[1,11],"7":[12,11],"8":[0,11],"9":[11,11],"10":[10,1],"11":[2,9],"12":[0,14],"13":[0,14],"14":[14,1],"15":[0,14],"16":[14,11],"17":[0,14],"18":[14,14],"19":[13,1],"20":[3,11],"21":[2,12],"22":[0,0,0,0],"23":[0,0],"24":[0,0],"25":[0,0],"26":[0,0],"27":[0,0],"28":[0,0],"29":[0,0],"30":[0,0],"31":[0,0],"32":[0,0],"33":[0,0],"34":[0,0],"35":[0,0],"36":[0,0],"37":[0,0],"38":[0,0],"39":[0,0],"40":[0,0],"41":[22,22],"42":[6,27],"43":[0,27],"44":[0,27],"45":[12,15],"46":[0,15]},"_coverageSchema":"1a1c01bbd47fc00a2c39e90264f33305004495a9","hash":"5fd35e1e2f1246e1f01b8c194e592f17a2c64a03"}
}
