TN:
SF:__tests__/setup.js
FN:7,(anonymous_0)
FN:15,(anonymous_1)
FN:19,(anonymous_2)
FNF:3
FNH:3
FNDA:1,(anonymous_0)
FNDA:1,(anonymous_1)
FNDA:1,(anonymous_2)
DA:1,1
DA:2,1
DA:3,1
DA:4,1
DA:5,1
DA:7,1
DA:8,1
DA:9,1
DA:10,1
DA:11,1
DA:12,1
DA:15,1
DA:16,1
DA:19,1
DA:20,1
DA:23,1
LF:16
LH:16
BRF:0
BRH:0
end_of_record
TN:
SF:config/redis.js
FN:7,(anonymous_0)
FN:11,(anonymous_1)
FN:15,(anonymous_2)
FNF:3
FNH:2
FNDA:0,(anonymous_0)
FNDA:1,(anonymous_1)
FNDA:1,(anonymous_2)
DA:1,1
DA:3,1
DA:7,1
DA:8,0
DA:11,1
DA:12,1
DA:15,1
DA:16,1
DA:17,1
DA:19,0
DA:23,1
LF:11
LH:9
BRDA:4,0,0,1
BRDA:4,0,1,1
BRF:2
BRH:2
end_of_record
TN:
SF:middleware/cache.js
FN:7,(anonymous_0)
FN:12,(anonymous_1)
FN:40,(anonymous_2)
FNF:3
FNH:3
FNDA:9,(anonymous_0)
FNDA:11,(anonymous_1)
FNDA:7,(anonymous_2)
DA:1,1
DA:4,1
DA:7,1
DA:8,9
DA:12,1
DA:13,11
DA:14,11
DA:17,11
DA:18,2
DA:21,9
DA:22,9
DA:24,9
DA:25,0
DA:26,0
DA:30,9
DA:31,9
DA:33,0
DA:35,0
DA:40,1
DA:41,7
DA:42,7
DA:43,7
DA:44,7
DA:47,0
DA:51,1
LF:25
LH:20
BRDA:17,0,0,2
BRDA:17,0,1,9
BRDA:17,1,0,11
BRDA:17,1,1,11
BRDA:17,1,2,11
BRDA:17,1,3,10
BRDA:17,1,4,10
BRDA:24,2,0,0
BRDA:24,2,1,9
BRDA:42,3,0,7
BRDA:42,3,1,0
BRDA:42,4,0,7
BRDA:42,4,1,7
BRF:13
BRH:11
end_of_record
TN:
SF:routes/conversions.js
FN:7,(anonymous_0)
FN:12,(anonymous_1)
FN:69,(anonymous_2)
FN:74,(anonymous_3)
FN:88,(anonymous_4)
FN:94,(anonymous_5)
FN:108,(anonymous_6)
FNF:7
FNH:7
FNDA:1,(anonymous_0)
FNDA:11,(anonymous_1)
FNDA:1,(anonymous_2)
FNDA:12,(anonymous_3)
FNDA:2,(anonymous_4)
FNDA:9,(anonymous_5)
FNDA:2,(anonymous_6)
DA:1,1
DA:2,1
DA:3,1
DA:4,1
DA:7,1
DA:8,1
DA:12,1
DA:13,11
DA:14,11
DA:16,11
DA:17,1
DA:24,10
DA:25,10
DA:26,1
DA:33,9
DA:34,9
DA:36,1
DA:42,8
DA:43,8
DA:44,7
DA:51,7
DA:53,7
DA:55,1
DA:61,0
DA:69,1
DA:70,1
DA:71,1
DA:72,1
DA:75,12
DA:76,12
DA:80,0
DA:88,1
DA:89,2
DA:90,2
DA:91,1
DA:95,9
DA:96,9
DA:100,1
DA:108,1
DA:109,2
DA:110,2
DA:111,2
DA:112,1
DA:118,1
DA:119,1
DA:125,0
DA:132,1
LF:47
LH:44
BRDA:16,0,0,1
BRDA:16,0,1,10
BRDA:16,1,0,11
BRDA:16,1,1,11
BRDA:16,1,2,11
BRDA:16,1,3,10
BRDA:25,2,0,1
BRDA:25,2,1,9
BRDA:111,3,0,1
BRDA:111,3,1,1
BRDA:111,4,0,2
BRDA:111,4,1,2
BRDA:111,4,2,2
BRF:13
BRH:13
end_of_record
TN:
SF:services/UnitConverter.js
FN:4,(anonymous_0)
FN:12,(anonymous_1)
FN:13,(anonymous_2)
FN:25,(anonymous_3)
FN:33,(anonymous_4)
FN:49,(anonymous_5)
FN:118,(anonymous_6)
FN:159,(anonymous_7)
FN:160,(anonymous_8)
FN:167,(anonymous_9)
FN:171,(anonymous_10)
FN:210,(anonymous_11)
FN:234,(anonymous_12)
FN:249,(anonymous_13)
FN:278,(anonymous_14)
FN:281,(anonymous_15)
FN:285,(anonymous_16)
FN:288,(anonymous_17)
FNF:18
FNH:14
FNDA:2,(anonymous_0)
FNDA:2,(anonymous_1)
FNDA:24,(anonymous_2)
FNDA:13,(anonymous_3)
FNDA:89,(anonymous_4)
FNDA:14,(anonymous_5)
FNDA:14,(anonymous_6)
FNDA:0,(anonymous_7)
FNDA:0,(anonymous_8)
FNDA:50,(anonymous_9)
FNDA:0,(anonymous_10)
FNDA:0,(anonymous_11)
FNDA:22,(anonymous_12)
FNDA:33,(anonymous_13)
FNDA:24,(anonymous_14)
FNDA:28,(anonymous_15)
FNDA:89,(anonymous_16)
FNDA:98,(anonymous_17)
DA:1,2
DA:5,2
DA:13,24
DA:26,13
DA:27,13
DA:28,3
DA:31,10
DA:33,89
DA:50,14
DA:51,0
DA:54,14
DA:55,14
DA:57,14
DA:58,2
DA:61,12
DA:62,0
DA:65,12
DA:66,1
DA:70,11
DA:72,0
DA:77,11
DA:78,10
DA:80,1
DA:81,1
DA:85,11
DA:86,2
DA:88,9
DA:89,9
DA:93,11
DA:95,11
DA:119,14
DA:120,0
DA:123,14
DA:125,14
DA:126,0
DA:129,14
DA:130,0
DA:134,14
DA:136,0
DA:139,14
DA:140,14
DA:141,14
DA:143,14
DA:144,2
DA:150,12
DA:160,0
DA:161,0
DA:162,0
DA:168,50
DA:172,0
DA:175,0
DA:177,0
DA:178,0
DA:179,0
DA:180,0
DA:181,0
DA:182,0
DA:183,0
DA:184,0
DA:185,0
DA:186,0
DA:187,0
DA:188,0
DA:189,0
DA:190,0
DA:194,0
DA:211,0
DA:213,0
DA:214,0
DA:215,0
DA:219,0
DA:220,0
DA:228,0
DA:236,22
DA:245,22
DA:246,22
DA:251,33
DA:253,27
DA:256,27
DA:257,0
DA:261,27
DA:262,0
DA:266,27
DA:267,12
DA:271,15
DA:272,0
DA:275,15
DA:279,24
DA:281,28
DA:286,89
DA:288,98
DA:294,2
LF:92
LH:55
BRDA:27,0,0,3
BRDA:27,0,1,10
BRDA:50,1,0,0
BRDA:50,1,1,14
BRDA:57,2,0,2
BRDA:57,2,1,12
BRDA:57,3,0,14
BRDA:57,3,1,3
BRDA:61,4,0,0
BRDA:61,4,1,12
BRDA:61,5,0,12
BRDA:61,5,1,10
BRDA:65,6,0,1
BRDA:65,6,1,11
BRDA:65,7,0,12
BRDA:65,7,1,11
BRDA:70,8,0,0
BRDA:70,8,1,11
BRDA:70,9,0,11
BRDA:70,9,1,11
BRDA:77,10,0,10
BRDA:77,10,1,1
BRDA:85,11,0,2
BRDA:85,11,1,9
BRDA:119,12,0,0
BRDA:119,12,1,14
BRDA:125,13,0,0
BRDA:125,13,1,14
BRDA:125,14,0,14
BRDA:125,14,1,1
BRDA:129,15,0,0
BRDA:129,15,1,14
BRDA:129,16,0,14
BRDA:129,16,1,11
BRDA:134,17,0,0
BRDA:134,17,1,14
BRDA:134,18,0,14
BRDA:134,18,1,14
BRDA:140,19,0,13
BRDA:140,19,1,1
BRDA:141,20,0,3
BRDA:141,20,1,11
BRDA:143,21,0,2
BRDA:143,21,1,12
BRDA:162,22,0,0
BRDA:162,22,1,0
BRDA:162,22,2,0
BRDA:162,22,3,0
BRDA:175,23,0,0
BRDA:175,23,1,0
BRDA:177,24,0,0
BRDA:177,24,1,0
BRDA:177,25,0,0
BRDA:177,25,1,0
BRDA:179,26,0,0
BRDA:179,26,1,0
BRDA:179,27,0,0
BRDA:179,27,1,0
BRDA:181,28,0,0
BRDA:181,28,1,0
BRDA:181,29,0,0
BRDA:181,29,1,0
BRDA:183,30,0,0
BRDA:183,30,1,0
BRDA:183,31,0,0
BRDA:183,31,1,0
BRDA:185,32,0,0
BRDA:185,32,1,0
BRDA:185,33,0,0
BRDA:185,33,1,0
BRDA:188,34,0,0
BRDA:188,34,1,0
BRDA:188,35,0,0
BRDA:188,35,1,0
BRDA:213,36,0,0
BRDA:213,36,1,0
BRDA:214,37,0,0
BRDA:214,37,1,0
BRDA:214,38,0,0
BRDA:214,38,1,0
BRDA:219,39,0,0
BRDA:219,39,1,0
BRDA:219,40,0,0
BRDA:219,40,1,0
BRDA:246,41,0,22
BRDA:246,41,1,22
BRDA:251,42,0,6
BRDA:251,42,1,27
BRDA:256,43,0,0
BRDA:256,43,1,27
BRDA:261,44,0,0
BRDA:261,44,1,27
BRDA:266,45,0,12
BRDA:266,45,1,15
BRDA:271,46,0,0
BRDA:271,46,1,15
BRF:96
BRH:46
end_of_record
